2025-05-24 11:39:54,809 - whatsapp_adapter - INFO - Processing webhook: {
  "type": "url",
  "value": "https://example.com"
}
2025-05-24 11:39:54,809 - whatsapp_adapter - INFO - Triggering workflow: /Users/arielmuslera/Development/Projects/bluelabel-autopilot/workflows/templates/url_to_digest.yaml (Run ID: 6f57155e-faea-4da9-8a87-a461354ad6da)
2025-05-24 11:39:54,809 - whatsapp_adapter - INFO - Executing: python runner/cli_runner.py run_workflow /Users/arielmuslera/Development/Projects/bluelabel-autopilot/workflows/templates/url_to_digest.yaml --input.url https://example.com
2025-05-24 11:39:54,809 - whatsapp_adapter - ERROR - Error triggering workflow: name 'asyncio' is not defined
Traceback (most recent call last):
  File "/Users/arielmuslera/Development/Projects/bluelabel-autopilot/services/whatsapp_adapter.py", line 103, in trigger_workflow
    process = await asyncio.create_subprocess_exec(
NameError: name 'asyncio' is not defined
2025-05-24 11:39:54,810 - whatsapp_adapter - INFO - Processing webhook: {
  "type": "pdf",
  "value": "/tmp/test.pdf"
}
2025-05-24 11:39:54,810 - whatsapp_adapter - INFO - Processing webhook: {
  "type": "pdf",
  "value": "/tmp/test.pdf"
}
2025-05-24 11:39:54,810 - whatsapp_adapter - INFO - Triggering workflow: /Users/arielmuslera/Development/Projects/bluelabel-autopilot/workflows/templates/pdf_to_digest.yaml (Run ID: da761372-ddf2-43ce-a42e-c604b2a76027)
2025-05-24 11:39:54,810 - whatsapp_adapter - INFO - Triggering workflow: /Users/arielmuslera/Development/Projects/bluelabel-autopilot/workflows/templates/pdf_to_digest.yaml (Run ID: da761372-ddf2-43ce-a42e-c604b2a76027)
2025-05-24 11:39:54,810 - whatsapp_adapter - INFO - Executing: python runner/cli_runner.py run_workflow /Users/arielmuslera/Development/Projects/bluelabel-autopilot/workflows/templates/pdf_to_digest.yaml --input.pdf /tmp/test.pdf
2025-05-24 11:39:54,810 - whatsapp_adapter - INFO - Executing: python runner/cli_runner.py run_workflow /Users/arielmuslera/Development/Projects/bluelabel-autopilot/workflows/templates/pdf_to_digest.yaml --input.pdf /tmp/test.pdf
2025-05-24 11:39:54,810 - whatsapp_adapter - ERROR - Error triggering workflow: name 'asyncio' is not defined
Traceback (most recent call last):
  File "/Users/arielmuslera/Development/Projects/bluelabel-autopilot/services/whatsapp_adapter.py", line 103, in trigger_workflow
    process = await asyncio.create_subprocess_exec(
NameError: name 'asyncio' is not defined
2025-05-24 11:39:54,810 - whatsapp_adapter - ERROR - Error triggering workflow: name 'asyncio' is not defined
Traceback (most recent call last):
  File "/Users/arielmuslera/Development/Projects/bluelabel-autopilot/services/whatsapp_adapter.py", line 103, in trigger_workflow
    process = await asyncio.create_subprocess_exec(
NameError: name 'asyncio' is not defined
2025-05-24 11:39:54,811 - whatsapp_adapter - INFO - Processing webhook: {
  "value": "some value"
}
2025-05-24 11:39:54,811 - whatsapp_adapter - INFO - Processing webhook: {
  "value": "some value"
}
2025-05-24 11:39:54,811 - whatsapp_adapter - INFO - Processing webhook: {
  "value": "some value"
}
2025-05-24 11:39:54,811 - whatsapp_adapter - ERROR - Missing required fields: 'type' and 'value' are required
2025-05-24 11:39:54,811 - whatsapp_adapter - ERROR - Missing required fields: 'type' and 'value' are required
2025-05-24 11:39:54,811 - whatsapp_adapter - ERROR - Missing required fields: 'type' and 'value' are required
2025-05-24 11:39:54,811 - whatsapp_adapter - INFO - Processing webhook: {
  "type": "url"
}
2025-05-24 11:39:54,811 - whatsapp_adapter - INFO - Processing webhook: {
  "type": "url"
}
2025-05-24 11:39:54,811 - whatsapp_adapter - INFO - Processing webhook: {
  "type": "url"
}
2025-05-24 11:39:54,811 - whatsapp_adapter - INFO - Processing webhook: {
  "type": "url"
}
2025-05-24 11:39:54,811 - whatsapp_adapter - ERROR - Missing required fields: 'type' and 'value' are required
2025-05-24 11:39:54,811 - whatsapp_adapter - ERROR - Missing required fields: 'type' and 'value' are required
2025-05-24 11:39:54,811 - whatsapp_adapter - ERROR - Missing required fields: 'type' and 'value' are required
2025-05-24 11:39:54,811 - whatsapp_adapter - ERROR - Missing required fields: 'type' and 'value' are required
2025-05-24 11:39:54,811 - whatsapp_adapter - INFO - Processing webhook: {
  "type": "unsupported_type",
  "value": "some value"
}
2025-05-24 11:39:54,811 - whatsapp_adapter - INFO - Processing webhook: {
  "type": "unsupported_type",
  "value": "some value"
}
2025-05-24 11:39:54,811 - whatsapp_adapter - INFO - Processing webhook: {
  "type": "unsupported_type",
  "value": "some value"
}
2025-05-24 11:39:54,811 - whatsapp_adapter - INFO - Processing webhook: {
  "type": "unsupported_type",
  "value": "some value"
}
2025-05-24 11:39:54,811 - whatsapp_adapter - INFO - Processing webhook: {
  "type": "unsupported_type",
  "value": "some value"
}
2025-05-24 11:39:54,811 - whatsapp_adapter - ERROR - Unsupported content type: unsupported_type
2025-05-24 11:39:54,811 - whatsapp_adapter - ERROR - Unsupported content type: unsupported_type
2025-05-24 11:39:54,811 - whatsapp_adapter - ERROR - Unsupported content type: unsupported_type
2025-05-24 11:39:54,811 - whatsapp_adapter - ERROR - Unsupported content type: unsupported_type
2025-05-24 11:39:54,811 - whatsapp_adapter - ERROR - Unsupported content type: unsupported_type
2025-05-24 11:39:54,811 - whatsapp_adapter - ERROR - No workflow found for type: unsupported_type
2025-05-24 11:39:54,811 - whatsapp_adapter - ERROR - No workflow found for type: unsupported_type
2025-05-24 11:39:54,811 - whatsapp_adapter - ERROR - No workflow found for type: unsupported_type
2025-05-24 11:39:54,811 - whatsapp_adapter - ERROR - No workflow found for type: unsupported_type
2025-05-24 11:39:54,811 - whatsapp_adapter - ERROR - No workflow found for type: unsupported_type
2025-05-24 11:39:54,811 - whatsapp_adapter - INFO - Processing webhook: {
  "type": "url",
  "value": ""
}
2025-05-24 11:39:54,811 - whatsapp_adapter - INFO - Processing webhook: {
  "type": "url",
  "value": ""
}
2025-05-24 11:39:54,811 - whatsapp_adapter - INFO - Processing webhook: {
  "type": "url",
  "value": ""
}
2025-05-24 11:39:54,811 - whatsapp_adapter - INFO - Processing webhook: {
  "type": "url",
  "value": ""
}
2025-05-24 11:39:54,811 - whatsapp_adapter - INFO - Processing webhook: {
  "type": "url",
  "value": ""
}
2025-05-24 11:39:54,811 - whatsapp_adapter - INFO - Processing webhook: {
  "type": "url",
  "value": ""
}
2025-05-24 11:39:54,811 - whatsapp_adapter - ERROR - Missing required fields: 'type' and 'value' are required
2025-05-24 11:39:54,811 - whatsapp_adapter - ERROR - Missing required fields: 'type' and 'value' are required
2025-05-24 11:39:54,811 - whatsapp_adapter - ERROR - Missing required fields: 'type' and 'value' are required
2025-05-24 11:39:54,811 - whatsapp_adapter - ERROR - Missing required fields: 'type' and 'value' are required
2025-05-24 11:39:54,811 - whatsapp_adapter - ERROR - Missing required fields: 'type' and 'value' are required
2025-05-24 11:39:54,811 - whatsapp_adapter - ERROR - Missing required fields: 'type' and 'value' are required
2025-05-24 11:39:54,811 - whatsapp_adapter - INFO - Processing webhook: {
  "type": "url",
  "value": null
}
2025-05-24 11:39:54,811 - whatsapp_adapter - INFO - Processing webhook: {
  "type": "url",
  "value": null
}
2025-05-24 11:39:54,811 - whatsapp_adapter - INFO - Processing webhook: {
  "type": "url",
  "value": null
}
2025-05-24 11:39:54,811 - whatsapp_adapter - INFO - Processing webhook: {
  "type": "url",
  "value": null
}
2025-05-24 11:39:54,811 - whatsapp_adapter - INFO - Processing webhook: {
  "type": "url",
  "value": null
}
2025-05-24 11:39:54,811 - whatsapp_adapter - INFO - Processing webhook: {
  "type": "url",
  "value": null
}
2025-05-24 11:39:54,811 - whatsapp_adapter - INFO - Processing webhook: {
  "type": "url",
  "value": null
}
2025-05-24 11:39:54,811 - whatsapp_adapter - ERROR - Missing required fields: 'type' and 'value' are required
2025-05-24 11:39:54,811 - whatsapp_adapter - ERROR - Missing required fields: 'type' and 'value' are required
2025-05-24 11:39:54,811 - whatsapp_adapter - ERROR - Missing required fields: 'type' and 'value' are required
2025-05-24 11:39:54,811 - whatsapp_adapter - ERROR - Missing required fields: 'type' and 'value' are required
2025-05-24 11:39:54,811 - whatsapp_adapter - ERROR - Missing required fields: 'type' and 'value' are required
2025-05-24 11:39:54,811 - whatsapp_adapter - ERROR - Missing required fields: 'type' and 'value' are required
2025-05-24 11:39:54,811 - whatsapp_adapter - ERROR - Missing required fields: 'type' and 'value' are required
2025-05-24 11:39:54,812 - whatsapp_adapter - INFO - Processing webhook: {
  "type": "url",
  "value": "https://example.com",
  "extra": "should be ignored"
}
2025-05-24 11:39:54,812 - whatsapp_adapter - INFO - Processing webhook: {
  "type": "url",
  "value": "https://example.com",
  "extra": "should be ignored"
}
2025-05-24 11:39:54,812 - whatsapp_adapter - INFO - Processing webhook: {
  "type": "url",
  "value": "https://example.com",
  "extra": "should be ignored"
}
2025-05-24 11:39:54,812 - whatsapp_adapter - INFO - Processing webhook: {
  "type": "url",
  "value": "https://example.com",
  "extra": "should be ignored"
}
2025-05-24 11:39:54,812 - whatsapp_adapter - INFO - Processing webhook: {
  "type": "url",
  "value": "https://example.com",
  "extra": "should be ignored"
}
2025-05-24 11:39:54,812 - whatsapp_adapter - INFO - Processing webhook: {
  "type": "url",
  "value": "https://example.com",
  "extra": "should be ignored"
}
2025-05-24 11:39:54,812 - whatsapp_adapter - INFO - Processing webhook: {
  "type": "url",
  "value": "https://example.com",
  "extra": "should be ignored"
}
2025-05-24 11:39:54,812 - whatsapp_adapter - INFO - Processing webhook: {
  "type": "url",
  "value": "https://example.com",
  "extra": "should be ignored"
}
2025-05-24 11:39:54,812 - whatsapp_adapter - INFO - Triggering workflow: /Users/arielmuslera/Development/Projects/bluelabel-autopilot/workflows/templates/url_to_digest.yaml (Run ID: 288f169c-e7d6-4b37-805b-db6881a923d5)
2025-05-24 11:39:54,812 - whatsapp_adapter - INFO - Triggering workflow: /Users/arielmuslera/Development/Projects/bluelabel-autopilot/workflows/templates/url_to_digest.yaml (Run ID: 288f169c-e7d6-4b37-805b-db6881a923d5)
2025-05-24 11:39:54,812 - whatsapp_adapter - INFO - Triggering workflow: /Users/arielmuslera/Development/Projects/bluelabel-autopilot/workflows/templates/url_to_digest.yaml (Run ID: 288f169c-e7d6-4b37-805b-db6881a923d5)
2025-05-24 11:39:54,812 - whatsapp_adapter - INFO - Triggering workflow: /Users/arielmuslera/Development/Projects/bluelabel-autopilot/workflows/templates/url_to_digest.yaml (Run ID: 288f169c-e7d6-4b37-805b-db6881a923d5)
2025-05-24 11:39:54,812 - whatsapp_adapter - INFO - Triggering workflow: /Users/arielmuslera/Development/Projects/bluelabel-autopilot/workflows/templates/url_to_digest.yaml (Run ID: 288f169c-e7d6-4b37-805b-db6881a923d5)
2025-05-24 11:39:54,812 - whatsapp_adapter - INFO - Triggering workflow: /Users/arielmuslera/Development/Projects/bluelabel-autopilot/workflows/templates/url_to_digest.yaml (Run ID: 288f169c-e7d6-4b37-805b-db6881a923d5)
2025-05-24 11:39:54,812 - whatsapp_adapter - INFO - Triggering workflow: /Users/arielmuslera/Development/Projects/bluelabel-autopilot/workflows/templates/url_to_digest.yaml (Run ID: 288f169c-e7d6-4b37-805b-db6881a923d5)
2025-05-24 11:39:54,812 - whatsapp_adapter - INFO - Triggering workflow: /Users/arielmuslera/Development/Projects/bluelabel-autopilot/workflows/templates/url_to_digest.yaml (Run ID: 288f169c-e7d6-4b37-805b-db6881a923d5)
2025-05-24 11:39:54,812 - whatsapp_adapter - INFO - Executing: python runner/cli_runner.py run_workflow /Users/arielmuslera/Development/Projects/bluelabel-autopilot/workflows/templates/url_to_digest.yaml --input.url https://example.com
2025-05-24 11:39:54,812 - whatsapp_adapter - INFO - Executing: python runner/cli_runner.py run_workflow /Users/arielmuslera/Development/Projects/bluelabel-autopilot/workflows/templates/url_to_digest.yaml --input.url https://example.com
2025-05-24 11:39:54,812 - whatsapp_adapter - INFO - Executing: python runner/cli_runner.py run_workflow /Users/arielmuslera/Development/Projects/bluelabel-autopilot/workflows/templates/url_to_digest.yaml --input.url https://example.com
2025-05-24 11:39:54,812 - whatsapp_adapter - INFO - Executing: python runner/cli_runner.py run_workflow /Users/arielmuslera/Development/Projects/bluelabel-autopilot/workflows/templates/url_to_digest.yaml --input.url https://example.com
2025-05-24 11:39:54,812 - whatsapp_adapter - INFO - Executing: python runner/cli_runner.py run_workflow /Users/arielmuslera/Development/Projects/bluelabel-autopilot/workflows/templates/url_to_digest.yaml --input.url https://example.com
2025-05-24 11:39:54,812 - whatsapp_adapter - INFO - Executing: python runner/cli_runner.py run_workflow /Users/arielmuslera/Development/Projects/bluelabel-autopilot/workflows/templates/url_to_digest.yaml --input.url https://example.com
2025-05-24 11:39:54,812 - whatsapp_adapter - INFO - Executing: python runner/cli_runner.py run_workflow /Users/arielmuslera/Development/Projects/bluelabel-autopilot/workflows/templates/url_to_digest.yaml --input.url https://example.com
2025-05-24 11:39:54,812 - whatsapp_adapter - INFO - Executing: python runner/cli_runner.py run_workflow /Users/arielmuslera/Development/Projects/bluelabel-autopilot/workflows/templates/url_to_digest.yaml --input.url https://example.com
2025-05-24 11:39:54,812 - whatsapp_adapter - ERROR - Error triggering workflow: name 'asyncio' is not defined
Traceback (most recent call last):
  File "/Users/arielmuslera/Development/Projects/bluelabel-autopilot/services/whatsapp_adapter.py", line 103, in trigger_workflow
    process = await asyncio.create_subprocess_exec(
NameError: name 'asyncio' is not defined
2025-05-24 11:39:54,812 - whatsapp_adapter - ERROR - Error triggering workflow: name 'asyncio' is not defined
Traceback (most recent call last):
  File "/Users/arielmuslera/Development/Projects/bluelabel-autopilot/services/whatsapp_adapter.py", line 103, in trigger_workflow
    process = await asyncio.create_subprocess_exec(
NameError: name 'asyncio' is not defined
2025-05-24 11:39:54,812 - whatsapp_adapter - ERROR - Error triggering workflow: name 'asyncio' is not defined
Traceback (most recent call last):
  File "/Users/arielmuslera/Development/Projects/bluelabel-autopilot/services/whatsapp_adapter.py", line 103, in trigger_workflow
    process = await asyncio.create_subprocess_exec(
NameError: name 'asyncio' is not defined
2025-05-24 11:39:54,812 - whatsapp_adapter - ERROR - Error triggering workflow: name 'asyncio' is not defined
Traceback (most recent call last):
  File "/Users/arielmuslera/Development/Projects/bluelabel-autopilot/services/whatsapp_adapter.py", line 103, in trigger_workflow
    process = await asyncio.create_subprocess_exec(
NameError: name 'asyncio' is not defined
2025-05-24 11:39:54,812 - whatsapp_adapter - ERROR - Error triggering workflow: name 'asyncio' is not defined
Traceback (most recent call last):
  File "/Users/arielmuslera/Development/Projects/bluelabel-autopilot/services/whatsapp_adapter.py", line 103, in trigger_workflow
    process = await asyncio.create_subprocess_exec(
NameError: name 'asyncio' is not defined
2025-05-24 11:39:54,812 - whatsapp_adapter - ERROR - Error triggering workflow: name 'asyncio' is not defined
Traceback (most recent call last):
  File "/Users/arielmuslera/Development/Projects/bluelabel-autopilot/services/whatsapp_adapter.py", line 103, in trigger_workflow
    process = await asyncio.create_subprocess_exec(
NameError: name 'asyncio' is not defined
2025-05-24 11:39:54,812 - whatsapp_adapter - ERROR - Error triggering workflow: name 'asyncio' is not defined
Traceback (most recent call last):
  File "/Users/arielmuslera/Development/Projects/bluelabel-autopilot/services/whatsapp_adapter.py", line 103, in trigger_workflow
    process = await asyncio.create_subprocess_exec(
NameError: name 'asyncio' is not defined
2025-05-24 11:39:54,812 - whatsapp_adapter - ERROR - Error triggering workflow: name 'asyncio' is not defined
Traceback (most recent call last):
  File "/Users/arielmuslera/Development/Projects/bluelabel-autopilot/services/whatsapp_adapter.py", line 103, in trigger_workflow
    process = await asyncio.create_subprocess_exec(
NameError: name 'asyncio' is not defined
